{
  "RSpec": {
    "coverage": {
      "/Users/johnellis/Documents/Projects/democratictravelers/spec/spec_helper.rb": [
        null,
        null,
        null,
        null,
        null,
        null,
        null,
        null,
        null,
        null,
        null,
        null,
        null,
        null,
        null,
        null,
        null,
        null,
        1,
        1,
        null,
        null,
        null,
        1,
        null,
        null,
        null,
        null,
        null,
        null,
        null,
        1,
        null,
        null,
        null,
        null,
        1,
        null,
        null,
        null,
        1,
        null,
        null,
        null,
        null,
        null,
        null,
        null,
        null,
        null,
        null,
        null,
        null,
        null,
        null,
        null,
        null,
        null,
        null,
        null,
        null,
        null,
        null,
        null,
        null,
        null,
        null,
        null,
        null,
        null,
        null,
        null,
        null,
        null,
        null,
        null,
        null,
        null,
        null,
        null,
        null,
        null,
        null,
        null,
        null,
        null,
        null,
        null
      ],
      "/Users/johnellis/Documents/Projects/democratictravelers/spec/support/controller_macros.rb": [
        1,
        1,
        14,
        14,
        14,
        14,
        null,
        null,
        1,
        12,
        12,
        null,
        null,
        12,
        null,
        null,
        1,
        0,
        null,
        null
      ],
      "/Users/johnellis/Documents/Projects/democratictravelers/spec/support/request_macros.rb": [
        1,
        1,
        0,
        0,
        0,
        0,
        null,
        null,
        1,
        0,
        0,
        null,
        null,
        0,
        null,
        null,
        1,
        null,
        null,
        null,
        16,
        null,
        null,
        1,
        8,
        null,
        null
      ],
      "/Users/johnellis/Documents/Projects/democratictravelers/spec/support/vcr.rb": [
        1,
        1,
        1,
        1,
        1,
        0,
        null,
        null,
        null,
        1,
        1,
        0,
        null,
        0,
        null,
        0,
        null,
        null
      ],
      "/Users/johnellis/Documents/Projects/democratictravelers/app/controllers/errors_controller.rb": [
        1,
        1,
        null,
        null,
        1,
        null,
        null
      ],
      "/Users/johnellis/Documents/Projects/democratictravelers/spec/controllers/home_controller_spec.rb": [
        1,
        null,
        1,
        null,
        1,
        1,
        1,
        1,
        null,
        null,
        null,
        1,
        1,
        1,
        1,
        null,
        null,
        null,
        1,
        1,
        1,
        1,
        null,
        null,
        null,
        1,
        1,
        1,
        1,
        null,
        null,
        null,
        1,
        1,
        null,
        null,
        null,
        null,
        null,
        null,
        null,
        null,
        null,
        null
      ],
      "/Users/johnellis/Documents/Projects/democratictravelers/app/controllers/home_controller.rb": [
        null,
        1,
        1,
        1,
        1,
        1,
        null,
        null,
        1,
        null,
        null,
        null,
        1,
        1,
        1,
        null,
        null,
        1,
        1,
        null,
        null,
        1,
        0,
        0,
        null,
        0,
        0,
        0,
        0,
        null,
        0,
        0,
        null,
        null,
        null,
        1,
        null,
        1,
        null,
        null,
        null,
        null,
        null,
        0,
        null,
        null,
        1,
        null,
        null,
        null,
        null,
        null,
        0,
        null,
        null,
        1,
        null,
        null,
        null,
        null,
        null,
        0,
        null,
        null,
        1,
        null,
        null,
        null,
        null,
        null,
        0,
        null,
        null,
        1,
        0,
        null,
        null,
        null,
        null,
        null,
        0,
        null,
        null,
        null,
        1,
        0,
        null,
        null,
        null,
        null,
        null,
        0,
        null,
        null,
        null,
        1,
        0,
        null,
        null,
        null,
        null,
        null,
        0,
        null,
        null,
        null,
        1,
        0,
        null,
        null
      ],
      "/Users/johnellis/Documents/Projects/democratictravelers/spec/controllers/locations_controller_spec.rb": [
        1,
        null,
        1,
        null
      ],
      "/Users/johnellis/Documents/Projects/democratictravelers/app/controllers/locations_controller.rb": [
        1,
        1,
        null,
        1,
        0,
        null,
        null,
        1,
        0,
        0,
        null,
        null
      ],
      "/Users/johnellis/Documents/Projects/democratictravelers/spec/controllers/omniauth_callbacks_controller_spec.rb": [
        1,
        null,
        1,
        null
      ],
      "/Users/johnellis/Documents/Projects/democratictravelers/app/controllers/omniauth_callbacks_controller.rb": [
        1,
        1,
        0,
        0,
        0,
        0,
        null,
        null,
        null,
        0,
        null,
        0,
        0,
        null,
        null,
        1,
        1,
        null
      ],
      "/Users/johnellis/Documents/Projects/democratictravelers/spec/controllers/posts_controller_spec.rb": [
        1,
        null,
        1,
        1,
        2,
        2,
        2,
        2,
        null,
        null,
        2,
        8,
        2,
        null,
        2,
        2,
        null,
        null,
        2,
        2,
        2,
        null,
        null,
        null,
        2,
        2,
        2,
        2,
        2,
        null,
        null,
        2,
        2,
        2,
        2,
        null,
        null,
        2,
        2,
        4,
        null,
        null,
        null,
        null,
        2,
        2,
        2,
        2,
        null,
        null,
        null,
        2,
        2,
        2,
        2,
        null,
        null,
        null,
        2,
        2,
        2,
        2,
        null,
        null,
        2,
        2,
        null,
        null,
        null,
        2,
        2,
        2,
        2,
        null,
        null,
        null,
        2,
        2,
        2,
        2,
        2,
        null,
        null,
        null,
        2,
        2,
        2,
        2,
        2,
        null,
        null,
        null,
        null,
        1,
        1,
        7,
        null,
        null,
        1,
        1,
        1,
        1,
        null,
        null,
        null,
        1,
        1,
        1,
        1,
        1,
        null,
        null,
        null,
        1,
        1,
        2,
        null,
        null,
        1,
        1,
        null,
        null,
        1,
        1,
        null,
        null,
        null,
        1,
        1,
        1,
        1,
        null,
        null,
        1,
        1,
        null,
        null,
        null,
        1,
        1,
        2,
        2,
        null,
        null,
        1,
        1,
        null,
        null,
        1,
        1,
        null,
        null,
        null,
        null,
        1,
        1,
        null,
        null,
        1,
        1,
        12,
        null,
        null,
        1,
        null,
        null,
        1,
        1,
        7,
        null,
        null,
        1,
        null,
        null
      ],
      "/Users/johnellis/Documents/Projects/democratictravelers/app/controllers/posts_controller.rb": [
        null,
        1,
        1,
        1,
        1,
        null,
        null,
        1,
        6,
        0,
        0,
        null,
        6,
        6,
        null,
        6,
        null,
        null,
        1,
        null,
        null,
        null,
        1,
        2,
        2,
        2,
        null,
        2,
        4,
        2,
        0,
        null,
        null,
        null,
        null,
        null,
        1,
        1,
        1,
        null,
        null,
        1,
        1,
        null,
        null,
        1,
        2,
        null,
        2,
        2,
        2,
        null,
        2,
        null,
        0,
        null,
        null,
        null,
        1,
        1,
        1,
        1,
        1,
        null,
        0,
        null,
        null,
        null,
        1,
        2,
        null,
        null,
        1,
        null,
        1,
        3,
        null,
        null,
        null,
        null,
        null,
        1,
        10,
        4,
        null,
        6,
        null,
        null,
        null,
        1,
        2,
        null,
        null,
        1,
        0,
        0,
        0,
        null,
        null,
        null,
        null
      ],
      "/Users/johnellis/Documents/Projects/democratictravelers/spec/controllers/registrations_controller_spec.rb": [
        1,
        null,
        1,
        1,
        1,
        1,
        1,
        1,
        null,
        null,
        1,
        1,
        2,
        2,
        null,
        null,
        1,
        1,
        1,
        null,
        null,
        1,
        null,
        null,
        null,
        null,
        null
      ],
      "/Users/johnellis/Documents/Projects/democratictravelers/app/controllers/registrations_controller.rb": [
        1,
        1,
        3,
        null,
        3,
        3,
        3,
        3,
        null,
        0,
        0,
        null,
        null,
        null,
        1,
        null,
        1,
        3,
        3,
        null,
        null,
        null,
        null,
        null,
        1,
        null,
        4,
        null,
        null,
        1,
        2,
        2,
        2,
        null,
        null,
        1,
        3,
        3,
        null,
        3,
        3,
        1,
        null,
        5,
        null,
        null,
        null,
        1,
        1,
        null,
        null,
        null,
        null,
        1,
        null,
        null
      ],
      "/Users/johnellis/Documents/Projects/democratictravelers/spec/mailers/experience_mailer_spec.rb": [
        1,
        null,
        1,
        1,
        null
      ],
      "/Users/johnellis/Documents/Projects/democratictravelers/app/mailers/experience_mailer.rb": [
        1,
        1,
        null,
        1,
        1,
        1,
        1,
        null,
        null,
        1,
        0,
        0,
        0,
        null,
        null
      ],
      "/Users/johnellis/Documents/Projects/democratictravelers/spec/models/category_connection_spec.rb": [
        1,
        null,
        1,
        1,
        1,
        null,
        null,
        1,
        1,
        null,
        null,
        1,
        1,
        1,
        null,
        null
      ],
      "/Users/johnellis/Documents/Projects/democratictravelers/app/models/category_connection.rb": [
        1,
        1,
        1,
        null,
        1,
        null,
        null,
        null
      ],
      "/Users/johnellis/Documents/Projects/democratictravelers/spec/models/category_spec.rb": [
        1,
        null,
        1,
        1,
        1,
        null,
        null,
        1,
        1,
        null,
        null
      ],
      "/Users/johnellis/Documents/Projects/democratictravelers/app/models/category.rb": [
        1,
        1,
        1,
        1,
        null,
        3,
        null,
        1,
        1,
        null,
        1,
        null,
        1,
        2,
        null,
        null
      ],
      "/Users/johnellis/Documents/Projects/democratictravelers/spec/models/country_spec.rb": [
        1,
        null,
        1,
        1,
        1,
        null,
        null,
        1,
        1,
        null,
        null,
        1,
        1,
        null,
        null,
        1,
        1,
        null,
        null
      ],
      "/Users/johnellis/Documents/Projects/democratictravelers/app/models/country.rb": [
        1,
        1,
        1,
        null,
        null
      ],
      "/Users/johnellis/Documents/Projects/democratictravelers/spec/models/experience_spec.rb": [
        1,
        null,
        1,
        1,
        1,
        1,
        1,
        null,
        null,
        1,
        1,
        null,
        null,
        null,
        1,
        1,
        3,
        3,
        null,
        null,
        1,
        1,
        1,
        null,
        null,
        1,
        1,
        1,
        null,
        null,
        1,
        1,
        1,
        null,
        null,
        null,
        1,
        1,
        2,
        2,
        2,
        null,
        null,
        1,
        1,
        1,
        1,
        null,
        null,
        1,
        1,
        1,
        1,
        null,
        null,
        null
      ],
      "/Users/johnellis/Documents/Projects/democratictravelers/spec/models/location_spec.rb": [
        1,
        null,
        1,
        1,
        1,
        null,
        null,
        1,
        1,
        null,
        null,
        1,
        1,
        1,
        1,
        null,
        null,
        1,
        1,
        1,
        null,
        null,
        null,
        1,
        1,
        1,
        null,
        null,
        1,
        1,
        1,
        3,
        null,
        null,
        null,
        null,
        1,
        1,
        1,
        null,
        null,
        1,
        1,
        1,
        3,
        null,
        null,
        null,
        null
      ],
      "/Users/johnellis/Documents/Projects/democratictravelers/spec/models/post_spec.rb": [
        1,
        null,
        1,
        1,
        1,
        null,
        null,
        1,
        1,
        null,
        null,
        1,
        1,
        1,
        1,
        1,
        null,
        null,
        1,
        1,
        1,
        1,
        null,
        null,
        null,
        1,
        1,
        null,
        null
      ],
      "/Users/johnellis/Documents/Projects/democratictravelers/app/models/post.rb": [
        1,
        null,
        1,
        null,
        21,
        null,
        null,
        1,
        1,
        1,
        1,
        1,
        null,
        null,
        1,
        1,
        1,
        null,
        null,
        1,
        1,
        1,
        null,
        null,
        1,
        0,
        null,
        null,
        1,
        0,
        null,
        null,
        null,
        1,
        0,
        0,
        0,
        0,
        null,
        null,
        null,
        1,
        0,
        null,
        null,
        1,
        0,
        null,
        null,
        1,
        0,
        0,
        0,
        null,
        0,
        null,
        null,
        null
      ],
      "/Users/johnellis/Documents/Projects/democratictravelers/spec/models/state_spec.rb": [
        1,
        null,
        1,
        1,
        1,
        null,
        null,
        1,
        1,
        1,
        null,
        null,
        1,
        1,
        1,
        3,
        null,
        null,
        null,
        null,
        1,
        1,
        1,
        null,
        null,
        1,
        1,
        1,
        3,
        null,
        null,
        null,
        1,
        1,
        1,
        6,
        null,
        null,
        null,
        null
      ],
      "/Users/johnellis/Documents/Projects/democratictravelers/app/models/state.rb": [
        null,
        1,
        217,
        1,
        1,
        null,
        null,
        1,
        null,
        null,
        null,
        1,
        null,
        null,
        null,
        null,
        1,
        null,
        1,
        0,
        null,
        null
      ],
      "/Users/johnellis/Documents/Projects/democratictravelers/spec/models/suggestion_spec.rb": [
        1,
        null,
        1,
        1,
        1,
        3,
        3,
        3,
        3,
        null,
        null,
        1,
        1,
        null,
        null,
        1,
        1,
        null,
        null,
        1,
        1,
        null,
        null,
        null
      ],
      "/Users/johnellis/Documents/Projects/democratictravelers/app/models/suggestion.rb": [
        1,
        null,
        1,
        1,
        null,
        null,
        null,
        null,
        null,
        null,
        null,
        null,
        null,
        null,
        null,
        null,
        null,
        null,
        null,
        null,
        1,
        1,
        1,
        1,
        null,
        null,
        1,
        5,
        5,
        5,
        null,
        null,
        null,
        null,
        5,
        5,
        null,
        null,
        null,
        1,
        null,
        1,
        5,
        5,
        null,
        null,
        5,
        5,
        5,
        5,
        5,
        5,
        null,
        null
      ],
      "/Users/johnellis/Documents/Projects/democratictravelers/spec/models/user_spec.rb": [
        1,
        null,
        1,
        1,
        1,
        null,
        null,
        1,
        1,
        1,
        null,
        null,
        1,
        1,
        1,
        null,
        null,
        1,
        1,
        1,
        1,
        null,
        null,
        null,
        1,
        1,
        1,
        null,
        null,
        1,
        1,
        1,
        3,
        null,
        null,
        null,
        1,
        1,
        1,
        null,
        1,
        1,
        1,
        null,
        null,
        null,
        1,
        1,
        1,
        1,
        null,
        null,
        1,
        1,
        1,
        null,
        null,
        1,
        1,
        null,
        null,
        null,
        1,
        1,
        null,
        null,
        null,
        1,
        1,
        1,
        null,
        null,
        null,
        1,
        1,
        1,
        null,
        null,
        1,
        1,
        1,
        4,
        null,
        null,
        null,
        1,
        1,
        1,
        4,
        null,
        null,
        null,
        1,
        1,
        1,
        3,
        null,
        1,
        null,
        null
      ],
      "/Users/johnellis/Documents/Projects/democratictravelers/spec/requests/api/v1/experiences_spec.rb": [
        1,
        null,
        1,
        16,
        null,
        1,
        1,
        1,
        1,
        null,
        1,
        null,
        1,
        1,
        1,
        null,
        null,
        null,
        1,
        1,
        1,
        1,
        null,
        1,
        null,
        1,
        1,
        1,
        null,
        null,
        null,
        14,
        null,
        1,
        1,
        1,
        null,
        null,
        1,
        null,
        null,
        1,
        1,
        1,
        null,
        null,
        null,
        null,
        1,
        1,
        null,
        null,
        null,
        null,
        1,
        1,
        1,
        null,
        null,
        1,
        null,
        null,
        1,
        1,
        1,
        null,
        null,
        null,
        null,
        null,
        1,
        1,
        null,
        null,
        null,
        null,
        1,
        1,
        1,
        null,
        1,
        null,
        null,
        1,
        2,
        1,
        1,
        null,
        null,
        1,
        1,
        null,
        null,
        null,
        null,
        1,
        1,
        1,
        null,
        1,
        null,
        null,
        1,
        2,
        1,
        1,
        null,
        null,
        1,
        1,
        null,
        null,
        null,
        null,
        1,
        1,
        1,
        null,
        1,
        null,
        null,
        1,
        1,
        null,
        null,
        1,
        null,
        null,
        1,
        1,
        1,
        null,
        1,
        null,
        null,
        1,
        1,
        1,
        null,
        null,
        null,
        null,
        1,
        1,
        1,
        null,
        null,
        1,
        null,
        null,
        1,
        2,
        null,
        1,
        1,
        null,
        null,
        1,
        null,
        null,
        null,
        null
      ],
      "/Users/johnellis/Documents/Projects/democratictravelers/spec/requests/api/v1/locations_spec.rb": [
        1,
        null,
        1,
        4,
        null,
        1,
        18,
        null,
        null,
        1,
        3,
        null,
        null,
        1,
        1,
        1,
        null,
        1,
        null,
        null,
        null,
        1,
        1,
        1,
        null,
        1,
        null,
        1,
        null,
        null,
        null,
        null,
        1,
        1,
        1,
        null,
        1,
        null,
        1,
        null,
        null,
        null
      ],
      "/Users/johnellis/Documents/Projects/democratictravelers/spec/requests/api/v1/suggestions_spec.rb": [
        1,
        null,
        1,
        4,
        null,
        1,
        4,
        null,
        null,
        1,
        1,
        1,
        null,
        null,
        null,
        1,
        1,
        1,
        null,
        null,
        1,
        1,
        1,
        1,
        1,
        null,
        null,
        1,
        1,
        2,
        null,
        null,
        null,
        null,
        1,
        1,
        null,
        null,
        1,
        1,
        null,
        null,
        null,
        null
      ],
      "/Users/johnellis/Documents/Projects/democratictravelers/app/models/role.rb": [
        1,
        1,
        1,
        null,
        1,
        null
      ],
      "/Users/johnellis/Documents/Projects/democratictravelers/app/mailers/suggestion_mailer.rb": [
        1,
        1,
        null,
        1,
        5,
        5,
        5,
        5,
        null,
        null,
        null
      ],
      "/Users/johnellis/Documents/Projects/democratictravelers/app/controllers/api/v1/experiences_controller.rb": [
        1,
        1,
        1,
        1,
        null,
        1,
        1,
        null,
        null,
        1,
        null,
        null,
        1,
        2,
        2,
        null,
        0,
        null,
        null,
        null,
        1,
        1,
        null,
        null,
        1,
        1,
        null,
        null,
        null,
        1,
        1,
        null,
        null,
        1,
        1,
        1,
        null,
        null,
        1,
        null,
        1,
        7,
        null,
        null,
        1,
        2,
        null,
        null,
        1,
        4,
        null,
        null
      ],
      "/Users/johnellis/Documents/Projects/democratictravelers/app/controllers/api/v1/suggestions_controller.rb": [
        1,
        1,
        1,
        null,
        1,
        0,
        null,
        null,
        1,
        2,
        2,
        2,
        2,
        2,
        null,
        0,
        null,
        null,
        null,
        1,
        null,
        1,
        0,
        null,
        null,
        null,
        0,
        null,
        0,
        null,
        null,
        null,
        1,
        2,
        null,
        null,
        null,
        null,
        null
      ],
      "/Users/johnellis/Documents/Projects/democratictravelers/app/controllers/api/v1/locations_controller.rb": [
        1,
        1,
        null,
        1,
        1,
        null,
        1,
        null,
        null,
        1,
        1,
        null,
        null,
        1,
        1,
        null,
        null
      ]
    },
    "timestamp": 1429578207
  }
}
